2026-04-14 10:39:50,344 | INFO | Evaluation — seed=42
2026-04-14 10:39:50,356 | INFO | Loaded 4357 gold pairs
2026-04-14 10:39:50,366 | INFO | Loaded 3500 predictions for languagetool
2026-04-14 10:39:50,367 | INFO |   languagetool: matched 3022 / 3500 to gold
2026-04-14 10:39:50,367 | INFO |   Computing ERRANT F0.5 for languagetool (3022 pairs) …
2026-04-14 10:39:50,367 | INFO | Loading ERRANT annotator (en_core_web_sm) …
2026-04-14 10:39:50,787 | INFO | ERRANT annotator ready
2026-04-14 10:40:48,839 | INFO |   languagetool: P=0.0453 R=0.0627 F0.5=0.0480
2026-04-14 10:40:48,841 | INFO |   Computing per-type scores for languagetool …
2026-04-14 10:41:46,388 | INFO | Loaded 3500 predictions for t5-small-gec
2026-04-14 10:41:46,391 | INFO |   t5-small-gec: matched 3022 / 3500 to gold
2026-04-14 10:41:46,391 | INFO |   Computing ERRANT F0.5 for t5-small-gec (3022 pairs) …
2026-04-14 10:42:54,686 | INFO |   t5-small-gec: P=0.0080 R=0.0204 F0.5=0.0092
2026-04-14 10:42:54,687 | INFO |   Computing per-type scores for t5-small-gec …
2026-04-14 10:44:03,732 | INFO | Loaded 3500 predictions for lora-flan-t5-base
2026-04-14 10:44:03,734 | INFO |   lora-flan-t5-base: matched 3022 / 3500 to gold
2026-04-14 10:44:03,734 | INFO |   Computing ERRANT F0.5 for lora-flan-t5-base (3022 pairs) …
2026-04-14 10:45:00,394 | INFO |   lora-flan-t5-base: P=0.0103 R=0.0121 F0.5=0.0106
2026-04-14 10:45:00,395 | INFO |   Computing per-type scores for lora-flan-t5-base …
2026-04-14 10:45:57,323 | INFO | Loaded 3500 predictions for hybrid
2026-04-14 10:45:57,326 | INFO |   hybrid: matched 3022 / 3500 to gold
2026-04-14 10:45:57,326 | INFO |   Computing ERRANT F0.5 for hybrid (3022 pairs) …
2026-04-14 10:46:54,920 | INFO |   hybrid: P=0.3039 R=0.0605 F0.5=0.1683
2026-04-14 10:46:54,922 | INFO |   Computing per-type scores for hybrid …
2026-04-14 10:47:52,586 | INFO | Corpus-level results saved to /Users/derrie-annvincent/Desktop/dissertation_gec/results/eval_summary.json
2026-04-14 10:47:52,590 | INFO | Per-type results saved to /Users/derrie-annvincent/Desktop/dissertation_gec/results/eval_by_type.json
